{"level":"info","message":"Test Case Started : Verify Alerts, Frame & Windows Page"}
{"level":"info","message":"Test Case Completed : Verify Alerts, Frame & Windows Page Status : failed"}
{"level":"info","message":"Test Case Started : Verify Elements Page"}
{"level":"info","message":"Test Case Completed : Verify Elements Page Status : passed"}
{"level":"info","message":"Test Case Started : Verify Interactions Page"}
{"level":"info","message":"Test Case Completed : Verify Interactions Page Status : passed"}
{"level":"info","message":"Test Case Started : Verify Book Store Login"}
{"level":"info","message":"Executing Step : Navigate to Application"}
{"level":"info","message":"Executing Step : Click on Book Store Application Icon"}
{"level":"info","message":"Executing Step : Click on Login button in Main page"}
{"level":"info","message":"Executing Step : Login to Book Store application"}
{"level":"info","message":"Executing Step : Verify User is logged in and navigated to Profile page"}
{"level":"info","message":"Test Case Completed : Verify Book Store Login Status : passed"}
{"level":"info","message":"Test Case Started : Verify the text contents of PDF file."}
{"level":"info","message":"Test Case Completed : Verify the text contents of PDF file. Status : passed"}
{"level":"info","message":"Test Case Started : Verify Widgets Page"}
{"level":"info","message":"Test Case Completed : Verify Widgets Page Status : passed"}
{"level":"info","message":"Test Case Started : Verify Alerts, Frame & Windows Page"}
{"level":"info","message":"Test Case Completed : Verify Alerts, Frame & Windows Page Status : passed"}
{"level":"info","message":"Test Case Started : Verify Elements Page"}
{"level":"info","message":"Test Case Completed : Verify Elements Page Status : passed"}
{"level":"info","message":"Test Case Started : Verify Interactions Page"}
{"level":"info","message":"Test Case Completed : Verify Interactions Page Status : passed"}
{"level":"info","message":"Test Case Started : Verify Book Store Login"}
{"level":"info","message":"Executing Step : Navigate to Application"}
{"level":"info","message":"Executing Step : Click on Book Store Application Icon"}
{"level":"info","message":"Executing Step : Click on Login button in Main page"}
{"level":"info","message":"Executing Step : Login to Book Store application"}
{"level":"info","message":"Executing Step : Verify User is logged in and navigated to Profile page"}
{"level":"info","message":"Test Case Completed : Verify Book Store Login Status : passed"}
{"level":"info","message":"Test Case Started : Verify the text contents of PDF file."}
{"level":"info","message":"Test Case Completed : Verify the text contents of PDF file. Status : passed"}
{"level":"info","message":"Test Case Started : Verify Widgets Page"}
{"level":"info","message":"Test Case Completed : Verify Widgets Page Status : passed"}
{"level":"error","message":"Error: Cannot find module 'exceljs'\nRequire stack:\n- /Users/100rabh/Desktop/aifinyo-playwright/lib/WebActions.ts\n- /Users/100rabh/Desktop/aifinyo-playwright/pageFactory/pageRepository/LoginPage.ts\n- /Users/100rabh/Desktop/aifinyo-playwright/lib/BaseTest.ts\n- /Users/100rabh/Desktop/aifinyo-playwright/tests/functional/Login.test.ts\n- /Users/100rabh/Desktop/aifinyo-playwright/node_modules/playwright/lib/transform/transform.js\n- /Users/100rabh/Desktop/aifinyo-playwright/node_modules/playwright/lib/common/esmLoaderHost.js\n- /Users/100rabh/Desktop/aifinyo-playwright/node_modules/playwright/lib/runner/processHost.js\n- /Users/100rabh/Desktop/aifinyo-playwright/node_modules/playwright/lib/runner/loaderHost.js\n- /Users/100rabh/Desktop/aifinyo-playwright/node_modules/playwright/lib/runner/loadUtils.js\n- /Users/100rabh/Desktop/aifinyo-playwright/node_modules/playwright/lib/runner/reporters.js\n- /Users/100rabh/Desktop/aifinyo-playwright/node_modules/playwright/lib/runner/runner.js\n- /Users/100rabh/Desktop/aifinyo-playwright/node_modules/playwright/lib/program.js\n- /Users/100rabh/Desktop/aifinyo-playwright/node_modules/@playwright/test/cli.js"}
{"level":"error","message":"Error: No tests found.\nMake sure that arguments are regular expressions matching test files.\nYou may need to escape symbols like \"$\" or \"*\" and quote the arguments."}
{"level":"error","message":"Error: Cannot find module 'exceljs'\nRequire stack:\n- /Users/100rabh/Desktop/aifinyo-playwright/lib/WebActions.ts\n- /Users/100rabh/Desktop/aifinyo-playwright/pageFactory/pageRepository/LoginPage.ts\n- /Users/100rabh/Desktop/aifinyo-playwright/lib/BaseTest.ts\n- /Users/100rabh/Desktop/aifinyo-playwright/tests/functional/Login.test.ts\n- /Users/100rabh/Desktop/aifinyo-playwright/node_modules/playwright/lib/transform/transform.js\n- /Users/100rabh/Desktop/aifinyo-playwright/node_modules/playwright/lib/common/esmLoaderHost.js\n- /Users/100rabh/Desktop/aifinyo-playwright/node_modules/playwright/lib/runner/processHost.js\n- /Users/100rabh/Desktop/aifinyo-playwright/node_modules/playwright/lib/runner/loaderHost.js\n- /Users/100rabh/Desktop/aifinyo-playwright/node_modules/playwright/lib/runner/loadUtils.js\n- /Users/100rabh/Desktop/aifinyo-playwright/node_modules/playwright/lib/runner/reporters.js\n- /Users/100rabh/Desktop/aifinyo-playwright/node_modules/playwright/lib/runner/runner.js\n- /Users/100rabh/Desktop/aifinyo-playwright/node_modules/playwright/lib/program.js\n- /Users/100rabh/Desktop/aifinyo-playwright/node_modules/@playwright/test/cli.js"}
{"level":"error","message":"Error: No tests found.\nMake sure that arguments are regular expressions matching test files.\nYou may need to escape symbols like \"$\" or \"*\" and quote the arguments."}
{"level":"error","message":"Error: Cannot find module 'exceljs'\nRequire stack:\n- /Users/100rabh/Desktop/aifinyo-playwright/lib/WebActions.ts\n- /Users/100rabh/Desktop/aifinyo-playwright/pageFactory/pageRepository/LoginPage.ts\n- /Users/100rabh/Desktop/aifinyo-playwright/lib/BaseTest.ts\n- /Users/100rabh/Desktop/aifinyo-playwright/tests/functional/Login.test.ts\n- /Users/100rabh/Desktop/aifinyo-playwright/node_modules/playwright/lib/transform/transform.js\n- /Users/100rabh/Desktop/aifinyo-playwright/node_modules/playwright/lib/common/esmLoaderHost.js\n- /Users/100rabh/Desktop/aifinyo-playwright/node_modules/playwright/lib/runner/processHost.js\n- /Users/100rabh/Desktop/aifinyo-playwright/node_modules/playwright/lib/runner/loaderHost.js\n- /Users/100rabh/Desktop/aifinyo-playwright/node_modules/playwright/lib/runner/loadUtils.js\n- /Users/100rabh/Desktop/aifinyo-playwright/node_modules/playwright/lib/runner/reporters.js\n- /Users/100rabh/Desktop/aifinyo-playwright/node_modules/playwright/lib/runner/runner.js\n- /Users/100rabh/Desktop/aifinyo-playwright/node_modules/playwright/lib/program.js\n- /Users/100rabh/Desktop/aifinyo-playwright/node_modules/@playwright/test/cli.js"}
{"level":"error","message":"Error: No tests found.\nMake sure that arguments are regular expressions matching test files.\nYou may need to escape symbols like \"$\" or \"*\" and quote the arguments."}
{"level":"error","message":"Error: Cannot find module 'exceljs'\nRequire stack:\n- /Users/100rabh/Desktop/aifinyo-playwright/lib/WebActions.ts\n- /Users/100rabh/Desktop/aifinyo-playwright/pageFactory/pageRepository/LoginPage.ts\n- /Users/100rabh/Desktop/aifinyo-playwright/lib/BaseTest.ts\n- /Users/100rabh/Desktop/aifinyo-playwright/tests/functional/Login.test.ts\n- /Users/100rabh/Desktop/aifinyo-playwright/node_modules/playwright/lib/transform/transform.js\n- /Users/100rabh/Desktop/aifinyo-playwright/node_modules/playwright/lib/common/esmLoaderHost.js\n- /Users/100rabh/Desktop/aifinyo-playwright/node_modules/playwright/lib/runner/processHost.js\n- /Users/100rabh/Desktop/aifinyo-playwright/node_modules/playwright/lib/runner/loaderHost.js\n- /Users/100rabh/Desktop/aifinyo-playwright/node_modules/playwright/lib/runner/loadUtils.js\n- /Users/100rabh/Desktop/aifinyo-playwright/node_modules/playwright/lib/runner/reporters.js\n- /Users/100rabh/Desktop/aifinyo-playwright/node_modules/playwright/lib/runner/runner.js\n- /Users/100rabh/Desktop/aifinyo-playwright/node_modules/playwright/lib/program.js\n- /Users/100rabh/Desktop/aifinyo-playwright/node_modules/@playwright/test/cli.js"}
{"level":"error","message":"Error: No tests found.\nMake sure that arguments are regular expressions matching test files.\nYou may need to escape symbols like \"$\" or \"*\" and quote the arguments."}
{"level":"error","message":"Error: Cannot find module 'exceljs'\nRequire stack:\n- /Users/100rabh/Desktop/aifinyo-playwright/lib/WebActions.ts\n- /Users/100rabh/Desktop/aifinyo-playwright/pageFactory/pageRepository/LoginPage.ts\n- /Users/100rabh/Desktop/aifinyo-playwright/lib/BaseTest.ts\n- /Users/100rabh/Desktop/aifinyo-playwright/tests/functional/Login.test.ts\n- /Users/100rabh/Desktop/aifinyo-playwright/node_modules/playwright/lib/transform/transform.js\n- /Users/100rabh/Desktop/aifinyo-playwright/node_modules/playwright/lib/common/esmLoaderHost.js\n- /Users/100rabh/Desktop/aifinyo-playwright/node_modules/playwright/lib/runner/processHost.js\n- /Users/100rabh/Desktop/aifinyo-playwright/node_modules/playwright/lib/runner/loaderHost.js\n- /Users/100rabh/Desktop/aifinyo-playwright/node_modules/playwright/lib/runner/loadUtils.js\n- /Users/100rabh/Desktop/aifinyo-playwright/node_modules/playwright/lib/runner/reporters.js\n- /Users/100rabh/Desktop/aifinyo-playwright/node_modules/playwright/lib/runner/runner.js\n- /Users/100rabh/Desktop/aifinyo-playwright/node_modules/playwright/lib/program.js\n- /Users/100rabh/Desktop/aifinyo-playwright/node_modules/@playwright/test/cli.js"}
{"level":"error","message":"Error: No tests found.\nMake sure that arguments are regular expressions matching test files.\nYou may need to escape symbols like \"$\" or \"*\" and quote the arguments."}
{"level":"error","message":"Error: Cannot find module '@axe-core/playwright'\nRequire stack:\n- /Users/100rabh/Desktop/aifinyo-playwright/lib/BaseTest.ts\n- /Users/100rabh/Desktop/aifinyo-playwright/tests/functional/Login.test.ts\n- /Users/100rabh/Desktop/aifinyo-playwright/node_modules/playwright/lib/transform/transform.js\n- /Users/100rabh/Desktop/aifinyo-playwright/node_modules/playwright/lib/common/esmLoaderHost.js\n- /Users/100rabh/Desktop/aifinyo-playwright/node_modules/playwright/lib/runner/processHost.js\n- /Users/100rabh/Desktop/aifinyo-playwright/node_modules/playwright/lib/runner/loaderHost.js\n- /Users/100rabh/Desktop/aifinyo-playwright/node_modules/playwright/lib/runner/loadUtils.js\n- /Users/100rabh/Desktop/aifinyo-playwright/node_modules/playwright/lib/runner/reporters.js\n- /Users/100rabh/Desktop/aifinyo-playwright/node_modules/playwright/lib/runner/runner.js\n- /Users/100rabh/Desktop/aifinyo-playwright/node_modules/playwright/lib/program.js\n- /Users/100rabh/Desktop/aifinyo-playwright/node_modules/@playwright/test/cli.js"}
{"level":"error","message":"Error: No tests found.\nMake sure that arguments are regular expressions matching test files.\nYou may need to escape symbols like \"$\" or \"*\" and quote the arguments."}
{"level":"info","message":"Test Case Started : Verify Book Store Login"}
{"level":"info","message":"Test Case Started : Verify Book Store Login"}
{"level":"info","message":"Test Case Started : Verify Book Store Login"}
{"level":"info","message":"Test Case Started : Verify Book Store Login"}
{"level":"info","message":"Executing Step : Navigate to Application"}
{"level":"info","message":"Executing Step : Navigate to Application"}
{"level":"info","message":"Executing Step : Click on Book Store Application Icon"}
{"level":"info","message":"Executing Step : Navigate to Application"}
{"level":"info","message":"Executing Step : Click on Book Store Application Icon"}
{"level":"info","message":"Executing Step : Click on Book Store Application Icon"}
{"level":"info","message":"Executing Step : Navigate to Application"}
{"level":"info","message":"Executing Step : Click on Book Store Application Icon"}
{"level":"info","message":"Test Case Completed : Verify Book Store Login Status : failed"}
{"level":"info","message":"Test Case Started : Verify Book Store Login"}
{"level":"info","message":"Test Case Completed : Verify Book Store Login Status : failed"}
{"level":"info","message":"Test Case Started : Verify Book Store Login"}
{"level":"info","message":"Executing Step : Navigate to Application"}
{"level":"info","message":"Executing Step : Navigate to Application"}
{"level":"info","message":"Executing Step : Click on Book Store Application Icon"}
{"level":"info","message":"Executing Step : Click on Book Store Application Icon"}
{"level":"info","message":"Test Case Completed : Verify Book Store Login Status : timedOut"}
{"level":"info","message":"Test Case Started : Verify Book Store Login"}
{"level":"info","message":"Executing Step : Navigate to Application"}
{"level":"info","message":"Test Case Completed : Verify Book Store Login Status : failed"}
{"level":"info","message":"Test Case Started : Verify Book Store Login"}
{"level":"info","message":"Executing Step : Navigate to Application"}
{"level":"info","message":"Test Case Completed : Verify Book Store Login Status : timedOut"}
{"level":"info","message":"Executing Step : Click on Book Store Application Icon"}
{"level":"info","message":"Test Case Completed : Verify Book Store Login Status : interrupted"}
{"level":"info","message":"Test Case Completed : Verify Book Store Login Status : interrupted"}
{"level":"info","message":"Test Case Completed : Verify Book Store Login Status : interrupted"}
{"level":"info","message":"Test Case Started : Verify Book Store Login"}
{"level":"info","message":"Test Case Started : Verify Book Store Login"}
{"level":"info","message":"Test Case Started : Verify Book Store Login"}
{"level":"info","message":"Test Case Started : Verify Book Store Login"}
{"level":"info","message":"Executing Step : Navigate to Application"}
{"level":"info","message":"Executing Step : Navigate to Application"}
{"level":"info","message":"Executing Step : Navigate to Application"}
{"level":"info","message":"Executing Step : Login to  application"}
{"level":"info","message":"Executing Step : Login to  application"}
{"level":"info","message":"Executing Step : Login to  application"}
{"level":"info","message":"Test Case Completed : Verify Book Store Login Status : passed"}
{"level":"info","message":"Test Case Started : Verify Book Store Login"}
{"level":"info","message":"Executing Step : Navigate to Application"}
{"level":"info","message":"Test Case Completed : Verify Book Store Login Status : passed"}
{"level":"info","message":"Test Case Started : Verify Book Store Login"}
{"level":"info","message":"Executing Step : Navigate to Application"}
{"level":"info","message":"Test Case Completed : Verify Book Store Login Status : passed"}
{"level":"info","message":"Executing Step : Login to  application"}
{"level":"info","message":"Test Case Started : Verify Book Store Login"}
{"level":"info","message":"Executing Step : Navigate to Application"}
{"level":"info","message":"Test Case Completed : Verify Book Store Login Status : failed"}
{"level":"info","message":"Test Case Started : Verify Book Store Login"}
{"level":"info","message":"Executing Step : Login to  application"}
{"level":"info","message":"Executing Step : Navigate to Application"}
{"level":"info","message":"Executing Step : Navigate to Application"}
{"level":"info","message":"Test Case Completed : Verify Book Store Login Status : passed"}
{"level":"info","message":"Executing Step : Login to  application"}
{"level":"info","message":"Executing Step : Login to  application"}
{"level":"info","message":"Test Case Completed : Verify Book Store Login Status : passed"}
{"level":"info","message":"Test Case Completed : Verify Book Store Login Status : passed"}
{"level":"info","message":"Test Case Completed : Verify Book Store Login Status : passed"}
{"level":"info","message":"Test Case Started : Verify Book Store Login"}
{"level":"info","message":"Test Case Started : Verify Book Store Login"}
{"level":"info","message":"Test Case Started : Verify Book Store Login"}
{"level":"info","message":"Test Case Started : Verify Book Store Login"}
{"level":"info","message":"Executing Step : Navigate to Application"}
{"level":"info","message":"Executing Step : Navigate to Application"}
{"level":"info","message":"Executing Step : Navigate to Application"}
{"level":"info","message":"Executing Step : Login to  application"}
{"level":"info","message":"Executing Step : Login to  application"}
{"level":"info","message":"Executing Step : Login to  application"}
{"level":"info","message":"Test Case Completed : Verify Book Store Login Status : passed"}
{"level":"info","message":"Test Case Started : Verify Book Store Login"}
{"level":"info","message":"Executing Step : Navigate to Application"}
{"level":"info","message":"Test Case Completed : Verify Book Store Login Status : passed"}
{"level":"info","message":"Test Case Started : Verify Book Store Login"}
{"level":"info","message":"Test Case Completed : Verify Book Store Login Status : passed"}
{"level":"info","message":"Executing Step : Navigate to Application"}
{"level":"info","message":"Executing Step : Login to  application"}
{"level":"info","message":"Test Case Started : Verify Book Store Login"}
{"level":"info","message":"Executing Step : Navigate to Application"}
{"level":"info","message":"Test Case Completed : Verify Book Store Login Status : failed"}
{"level":"info","message":"Test Case Started : Verify Book Store Login"}
{"level":"info","message":"Executing Step : Login to  application"}
{"level":"info","message":"Executing Step : Navigate to Application"}
{"level":"info","message":"Executing Step : Navigate to Application"}
{"level":"info","message":"Executing Step : Login to  application"}
{"level":"info","message":"Test Case Completed : Verify Book Store Login Status : passed"}
{"level":"info","message":"Executing Step : Login to  application"}
{"level":"info","message":"Test Case Completed : Verify Book Store Login Status : passed"}
{"level":"info","message":"Test Case Completed : Verify Book Store Login Status : passed"}
{"level":"info","message":"Test Case Completed : Verify Book Store Login Status : passed"}
{"level":"info","message":"Test Case Started : Verify Book Store Login"}
{"level":"info","message":"Test Case Started : Verify Book Store Login"}
{"level":"info","message":"Test Case Started : Verify Book Store Login"}
{"level":"info","message":"Test Case Started : Verify Book Store Login"}
{"level":"info","message":"Executing Step : Navigate to Application"}
{"level":"info","message":"Executing Step : Navigate to Application"}
{"level":"info","message":"Executing Step : Navigate to Application"}
{"level":"info","message":"Executing Step : Navigate to Application"}
{"level":"info","message":"Executing Step : Login to  application"}
{"level":"info","message":"Executing Step : Login to  application"}
{"level":"info","message":"Executing Step : Login to  application"}
{"level":"info","message":"Executing Step : Login to  application"}
{"level":"info","message":"Test Case Completed : Verify Book Store Login Status : passed"}
{"level":"info","message":"Test Case Completed : Verify Book Store Login Status : passed"}
{"level":"info","message":"Test Case Completed : Verify Book Store Login Status : passed"}
{"level":"info","message":"Test Case Started : Verify Book Store Login"}
{"level":"info","message":"Test Case Started : Verify Book Store Login"}
{"level":"info","message":"Test Case Completed : Verify Book Store Login Status : passed"}
{"level":"info","message":"Executing Step : Navigate to Application"}
{"level":"info","message":"Executing Step : Navigate to Application"}
{"level":"info","message":"Executing Step : Login to  application"}
{"level":"info","message":"Executing Step : Login to  application"}
{"level":"info","message":"Test Case Completed : Verify Book Store Login Status : passed"}
{"level":"info","message":"Test Case Completed : Verify Book Store Login Status : passed"}
{"level":"info","message":"Test Case Started : Verify Book Store Login"}
{"level":"info","message":"Test Case Started : Verify Book Store Login"}
{"level":"info","message":"Test Case Started : Verify Book Store Login"}
{"level":"info","message":"Test Case Started : Verify Book Store Login"}
{"level":"info","message":"Executing Step : Navigate to Application"}
{"level":"info","message":"Executing Step : Navigate to Application"}
{"level":"info","message":"Executing Step : Navigate to Application"}
{"level":"info","message":"Executing Step : Login to  application"}
{"level":"info","message":"Executing Step : Login to  application"}
{"level":"info","message":"Executing Step : Login to  application"}
{"level":"info","message":"Test Case Completed : Verify Book Store Login Status : passed"}
{"level":"info","message":"Test Case Completed : Verify Book Store Login Status : passed"}
{"level":"info","message":"Test Case Completed : Verify Book Store Login Status : passed"}
{"level":"info","message":"Test Case Started : Verify Book Store Login"}
{"level":"info","message":"Test Case Started : Verify Book Store Login"}
{"level":"info","message":"Executing Step : Navigate to Application"}
{"level":"info","message":"Executing Step : Navigate to Application"}
{"level":"info","message":"Executing Step : Navigate to Application"}
{"level":"info","message":"Executing Step : Login to  application"}
{"level":"info","message":"Executing Step : Login to  application"}
{"level":"info","message":"Executing Step : Login to  application"}
{"level":"info","message":"Test Case Completed : Verify Book Store Login Status : passed"}
{"level":"info","message":"Test Case Completed : Verify Book Store Login Status : passed"}
{"level":"info","message":"Test Case Completed : Verify Book Store Login Status : passed"}
{"level":"info","message":"Test Case Started : Verify Book Store Login"}
{"level":"info","message":"Executing Step : Navigate to Application"}
{"level":"info","message":"Executing Step : Login to  application"}
{"level":"info","message":"Test Case Completed : Verify Book Store Login Status : passed"}
{"level":"info","message":"Test Case Started : Verify Book Store Login"}
{"level":"info","message":"Executing Step : Navigate to Application"}
{"level":"info","message":"Executing Step : Login to  application"}
{"level":"info","message":"Test Case Completed : Verify Book Store Login Status : passed"}
{"level":"info","message":"Test Case Started : Verify Book Store Login"}
{"level":"info","message":"Executing Step : Navigate to Application"}
{"level":"info","message":"Executing Step : Login to  application"}
{"level":"info","message":"Test Case Completed : Verify Book Store Login Status : passed"}
{"level":"info","message":"Test Case Started : Verify Book Store Login"}
{"level":"info","message":"Executing Step : Navigate to Application"}
{"level":"info","message":"Executing Step : Login to  application"}
{"level":"info","message":"Test Case Completed : Verify Book Store Login Status : passed"}
{"level":"info","message":"Test Case Started : Verify Book Store Login"}
{"level":"info","message":"Test Case Started : Verify Book Store Login"}
{"level":"info","message":"Test Case Started : Verify Book Store Login"}
{"level":"info","message":"Test Case Started : Verify Book Store Login"}
{"level":"info","message":"Executing Step : Navigate to Application"}
{"level":"info","message":"Executing Step : Navigate to Application"}
{"level":"info","message":"Executing Step : Navigate to Application"}
{"level":"info","message":"Executing Step : Login to  application"}
{"level":"info","message":"Executing Step : Login to  application"}
{"level":"info","message":"Executing Step : Login to  application"}
{"level":"info","message":"Test Case Completed : Verify Book Store Login Status : passed"}
{"level":"info","message":"Test Case Started : Verify Book Store Login"}
{"level":"info","message":"Test Case Completed : Verify Book Store Login Status : passed"}
{"level":"info","message":"Test Case Completed : Verify Book Store Login Status : passed"}
{"level":"info","message":"Test Case Started : Verify Book Store Login"}
{"level":"info","message":"Executing Step : Navigate to Application"}
{"level":"info","message":"Executing Step : Navigate to Application"}
{"level":"info","message":"Executing Step : Login to  application"}
{"level":"info","message":"Executing Step : Login to  application"}
{"level":"info","message":"Executing Step : Navigate to Application"}
{"level":"info","message":"Test Case Completed : Verify Book Store Login Status : passed"}
{"level":"info","message":"Executing Step : Login to  application"}
{"level":"info","message":"Test Case Completed : Verify Book Store Login Status : passed"}
{"level":"info","message":"Test Case Completed : Verify Book Store Login Status : passed"}
{"level":"info","message":"Test Case Started : Verify Book Store Login"}
{"level":"info","message":"Test Case Started : Verify Book Store Login"}
{"level":"info","message":"Test Case Started : Verify Book Store Login"}
{"level":"info","message":"Test Case Started : Verify Book Store Login"}
{"level":"info","message":"Executing Step : Navigate to Application"}
{"level":"info","message":"Executing Step : Navigate to Application"}
{"level":"info","message":"Executing Step : Navigate to Application"}
{"level":"info","message":"Executing Step : Navigate to Application"}
{"level":"info","message":"Executing Step : Login to  application"}
{"level":"info","message":"Executing Step : Login to  application"}
{"level":"info","message":"Executing Step : Login to  application"}
{"level":"info","message":"Executing Step : Login to  application"}
{"level":"info","message":"Test Case Completed : Verify Book Store Login Status : passed"}
{"level":"info","message":"Test Case Completed : Verify Book Store Login Status : passed"}
{"level":"info","message":"Test Case Started : Verify Book Store Login"}
{"level":"info","message":"Test Case Completed : Verify Book Store Login Status : passed"}
{"level":"info","message":"Test Case Completed : Verify Book Store Login Status : passed"}
{"level":"info","message":"Test Case Started : Verify Book Store Login"}
{"level":"info","message":"Executing Step : Navigate to Application"}
{"level":"info","message":"Executing Step : Navigate to Application"}
{"level":"info","message":"Executing Step : Login to  application"}
{"level":"info","message":"Executing Step : Login to  application"}
{"level":"info","message":"Test Case Completed : Verify Book Store Login Status : passed"}
{"level":"info","message":"Test Case Completed : Verify Book Store Login Status : passed"}
{"level":"info","message":"Test Case Started : Verify Book Store Login"}
{"level":"info","message":"Test Case Started : Verify Book Store Login"}
{"level":"info","message":"Test Case Started : Verify Book Store Login"}
{"level":"info","message":"Test Case Started : Verify Book Store Login"}
{"level":"info","message":"Executing Step : Navigate to Application"}
{"level":"info","message":"Executing Step : Navigate to Application"}
{"level":"info","message":"Executing Step : Navigate to Application"}
{"level":"info","message":"Executing Step : Navigate to Application"}
{"level":"info","message":"Executing Step : Login to  application"}
{"level":"info","message":"Executing Step : Login to  application"}
{"level":"info","message":"Executing Step : Login to  application"}
{"level":"info","message":"Executing Step : Login to  application"}
{"level":"info","message":"Test Case Completed : Verify Book Store Login Status : passed"}
{"level":"info","message":"Test Case Started : Verify Book Store Login"}
{"level":"info","message":"Test Case Completed : Verify Book Store Login Status : passed"}
{"level":"info","message":"Test Case Completed : Verify Book Store Login Status : passed"}
{"level":"info","message":"Test Case Completed : Verify Book Store Login Status : passed"}
{"level":"info","message":"Test Case Started : Verify Book Store Login"}
{"level":"info","message":"Executing Step : Navigate to Application"}
{"level":"info","message":"Executing Step : Navigate to Application"}
{"level":"info","message":"Executing Step : Login to  application"}
{"level":"info","message":"Executing Step : Login to  application"}
{"level":"info","message":"Test Case Completed : Verify Book Store Login Status : passed"}
{"level":"info","message":"Test Case Completed : Verify Book Store Login Status : passed"}
